{
  "stats": {
    "suites": 1,
    "tests": 3,
    "passes": 1,
    "pending": 0,
    "failures": 2,
    "start": "2025-07-24T10:13:05.639Z",
    "end": "2025-07-24T10:13:56.374Z",
    "duration": 50735,
    "testsRegistered": 3,
    "passPercent": 33.33333333333333,
    "pendingPercent": 0,
    "other": 0,
    "hasOther": false,
    "skipped": 0,
    "hasSkipped": false
  },
  "results": [
    {
      "uuid": "9b0691a1-5c25-4641-9e0e-ef30ab9f8507",
      "title": "",
      "fullFile": "cypress\\e2e\\ITAMAddAsset.cy.js",
      "file": "cypress\\e2e\\ITAMAddAsset.cy.js",
      "beforeHooks": [],
      "afterHooks": [],
      "tests": [
        {
          "title": "test EditAsset",
          "fullTitle": "test EditAsset",
          "timedOut": null,
          "duration": 27407,
          "state": "failed",
          "speed": null,
          "pass": false,
          "fail": true,
          "pending": false,
          "context": null,
          "code": "cy.visit('https://uat-assetfusion360-lacoe.hexalytics.ai/');\ncy.xpath('//input[@id=\"username\"]', {\n  timeout: 4000\n}).should('be.visible').type('admin@gmail.com');\ncy.xpath(\"//input[@placeholder='Password']\").type(\"123456\");\ncy.xpath(\"//div[text()='Login']\").click();\ncy.wait(4000);\n//  cy.xpath(\"//i[@class='loco-arrow-right-outline text-[#C9D0DB] text-[18px] 3xl:text-[0.938vw]']\").click()\ncy.visit(\"https://uat-assetfusion360-lacoe.hexalytics.ai/admin/assetlist\");\n//cy.get(\"[title='Edit']\").eq(0).click()\ncy.wait(3000);\ncy.xpath(\"//div[text()='7']\").click();\ncy.wait(1000);\ncy.xpath(\"//button[text()='Update']\").click();",
          "err": {
            "message": "AssertionError: Timed out retrying after 4000ms: Expected to find element: `//div[text()='7']`, but never found it.",
            "estack": "AssertionError: Timed out retrying after 4000ms: Expected to find element: `//div[text()='7']`, but never found it.\n    at Context.eval (webpack://vscodelacoe/./cypress/e2e/ITAMAddAsset.cy.js:139:6)",
            "diff": null
          },
          "uuid": "6d038c1e-f0b9-4b48-bd95-5cccd99f49d0",
          "parentUUID": "9b0691a1-5c25-4641-9e0e-ef30ab9f8507",
          "isHook": false,
          "skipped": false
        }
      ],
      "suites": [
        {
          "uuid": "3c831568-93d8-41ae-b1b3-38e8793f4229",
          "title": "template spec",
          "fullFile": "",
          "file": "",
          "beforeHooks": [],
          "afterHooks": [],
          "tests": [
            {
              "title": "test title",
              "fullTitle": "template spec test title",
              "timedOut": null,
              "duration": 1385,
              "state": "passed",
              "speed": "fast",
              "pass": true,
              "fail": false,
              "pending": false,
              "context": null,
              "code": "cy.visit('https://uat-assetfusion360-lacoe.hexalytics.ai');\ncy.title().should('eq', 'LACOE | User Login');",
              "err": {},
              "uuid": "f7523456-9d9f-4ffe-bb48-9fa3d9e63eb5",
              "parentUUID": "3c831568-93d8-41ae-b1b3-38e8793f4229",
              "isHook": false,
              "skipped": false
            },
            {
              "title": "test AddAsset",
              "fullTitle": "template spec test AddAsset",
              "timedOut": null,
              "duration": 19550,
              "state": "failed",
              "speed": null,
              "pass": false,
              "fail": true,
              "pending": false,
              "context": null,
              "code": "cy.visit('https://uat-assetfusion360-lacoe.hexalytics.ai');\ncy.xpath('//input[@id=\"username\"]', {\n  timeout: 4000\n}).should('be.visible').type('admin@gmail.com');\ncy.xpath(\"//input[@placeholder='Password']\").type(\"123456\");\ncy.xpath(\"//div[text()='Login']\").click();\ncy.wait(3000);\ncy.visit('https://uat-assetfusion360-lacoe.hexalytics.ai/admin/assetlist');\n//cy.xpath(\"(//i[@class='loco-arrow-right-outline text-[#C9D0DB] text-[18px] 3xl:text-[0.938vw]'])[1]\").click\n//cy.xpath(\"//li[3]//a[1]//img[1]\").hover\n//cy.xpath(\"//a[@id='menu_5']\").click\n//cy.visit(\"https://uat-assetfusion360-lacoe.hexalytics.ai/admin/asset/quickadd\");\n//cy.visit(\"https://uat-assetfusion360-lacoe.hexalytics.ai/admin/assetlist\");\ncy.xpath(\"(//span[text()='Add New'])[2]\").click;\ncy.visit(\"https://uat-assetfusion360-lacoe.hexalytics.ai/admin/assetlist/adminaddasset\");\ncy.xpath(\"(//div[@class='p-dropdown-trigger'])[3]\").click();\ncy.wait(2000);\ncy.get(\"[aria-label='Hardware']\").click();\ncy.wait(3000);\n// cy.get(\".p-dropdown-filter.p-inputtext.p-component']\", { offset: 10 }).type('Hardware')\n// cy.xpath(\"//input[@class='p-dropdown-filter p-inputtext p-component']\").type('Hardware')\n// cy.xpath(\"//span[normalize-space()='Innive Asset Category(Testing)']\").click\n// cy.get('#dropdownItem_0').dispatchEvent(new MouseEvent('click'))\n//cy.get('.p-dropdown-filter.p-inputtext.p-component').type('Hardware')\n// cy.get('[formcontrolname=\"category\"]').click();\n// cy.get('.p-dropdown-panel .p-dropdown-item')\n// .contains('Hardware')\n// .click();\n// // 1. Click the \"Category\" dropdown to open options\n// cy.get('[formcontrolname=\"category\"]').click();\n// // 2. Wait for dropdown panel to be visible\n// cy.get('.p-dropdown-panel').should('be.visible');\n// // 3. Click the desired option inside dropdown\n// cy.contains('.p-dropdown-panel .p-dropdown-item', 'Hardware').click();\n// cy.get('.p-dropdown-item') // Select li elements with class p-dropdown-item\n// .contains('Hardware') // Find the one with text \"Hardware\"\n// .click();\ncy.xpath(\"(//div[@class='p-dropdown-trigger'])[4]\").click();\ncy.get(\"[aria-label=Computer]\").click();\ncy.wait(2000);\ncy.xpath(\"(//div[@class='p-dropdown-trigger'])[5]\").click();\ncy.wait(2000);\ncy.get(\"[aria-label='Apple']\").click();\ncy.wait(2000);\ncy.xpath(\"(//div[@class='p-dropdown-trigger'])[6]\").click();\ncy.get(\"[aria-label='Apple 15']\").click();\ncy.wait(2000);\ncy.xpath(\"(//div[@class='p-dropdown-trigger'])[7]\").click();\ncy.get(\"#dropdownItem_2\").click();\ncy.scrollTo('bottom');\ncy.get(\"[data-pc-name='button']\").click();\ncy.xpath(\"(//div[@class='p-dropdown-trigger'])[3]\").click();\ncy.get(\"#dropdownItem_1\").click();\ncy.xpath(\"//button[text()='Next']\").click();\ncy.xpath(\"//div[@class='p-dropdown-trigger']\").click();\ncy.xpath(\"//span[text()='Global Solution']\").click();\ncy.xpath(\"//button[text()='Next']\").click();\ncy.xpath(\"//button[text()='Next']\").click();\ncy.xpath(\"//button[text()='Next']\").click();\ncy.xpath(\"//button[text()='Next']\").click();\ncy.xpath(\"//button[text()='Submit']\").click();",
              "err": {
                "message": "AssertionError: Timed out retrying after 4000ms: Expected to find element: `[aria-label='Hardware']`, but never found it.",
                "estack": "AssertionError: Timed out retrying after 4000ms: Expected to find element: `[aria-label='Hardware']`, but never found it.\n    at Context.eval (webpack://vscodelacoe/./cypress/e2e/ITAMAddAsset.cy.js:46:5)",
                "diff": null
              },
              "uuid": "0d9d576d-94f9-4627-8b51-3f10d019a882",
              "parentUUID": "3c831568-93d8-41ae-b1b3-38e8793f4229",
              "isHook": false,
              "skipped": false
            }
          ],
          "suites": [],
          "passes": [
            "f7523456-9d9f-4ffe-bb48-9fa3d9e63eb5"
          ],
          "failures": [
            "0d9d576d-94f9-4627-8b51-3f10d019a882"
          ],
          "pending": [],
          "skipped": [],
          "duration": 20935,
          "root": false,
          "rootEmpty": false,
          "_timeout": 2000
        }
      ],
      "passes": [],
      "failures": [
        "6d038c1e-f0b9-4b48-bd95-5cccd99f49d0"
      ],
      "pending": [],
      "skipped": [],
      "duration": 27407,
      "root": true,
      "rootEmpty": false,
      "_timeout": 2000
    }
  ],
  "meta": {
    "mocha": {
      "version": "7.2.0"
    },
    "mochawesome": {
      "options": {
        "quiet": false,
        "reportFilename": "mochawesome",
        "saveHtml": false,
        "saveJson": true,
        "consoleReporter": "spec",
        "useInlineDiffs": false,
        "code": true
      },
      "version": "7.1.3"
    },
    "marge": {
      "options": {
        "reportDir": "cypress\\reports\\.jsons",
        "overwrite": false,
        "html": false,
        "json": true
      },
      "version": "6.2.0"
    }
  }
}